<?xml-stylesheet type="text/xml" href="test-xsl-functions.xsl"?>
<root>
<!-- empty -->
</root>